Assembler report for ddsAD9854
Fri Sep  5 19:34:49 2025
Quartus Prime Version 22.1std.1 Build 917 02/14/2023 SC Lite Edition


---------------------
; Table of Contents ;
---------------------
  1. Legal Notice
  2. Assembler Summary
  3. Assembler Settings
  4. Assembler Generated Files
  5. Assembler Device Options: C:/Users/guill/OneDrive/Escritorio/DIXITAL_NMR_PulseSeq/FPGA-DDS/output_files/ddsAD9854.sof
  6. Assembler Messages



----------------
; Legal Notice ;
----------------
Copyright (C) 2023  Intel Corporation. All rights reserved.
Your use of Intel Corporation's design tools, logic functions 
and other software and tools, and any partner logic 
functions, and any output files from any of the foregoing 
(including device programming or simulation files), and any 
associated documentation or information are expressly subject 
to the terms and conditions of the Intel Program License 
Subscription Agreement, the Intel Quartus Prime License Agreement,
the Intel FPGA IP License Agreement, or other applicable license
agreement, including, without limitation, that your use is for
the sole purpose of programming logic devices manufactured by
Intel and sold by Intel or its authorized distributors.  Please
refer to the applicable agreement for further details, at
https://fpgasoftware.intel.com/eula.



+---------------------------------------------------------------+
; Assembler Summary                                             ;
+-----------------------+---------------------------------------+
; Assembler Status      ; Successful - Fri Sep  5 19:34:49 2025 ;
; Revision Name         ; ddsAD9854                             ;
; Top-level Entity Name ; top_level_block                       ;
; Family                ; Cyclone V                             ;
; Device                ; 5CSEMA4U23C6                          ;
+-----------------------+---------------------------------------+


+----------------------------------+
; Assembler Settings               ;
+--------+---------+---------------+
; Option ; Setting ; Default Value ;
+--------+---------+---------------+


+---------------------------------------------------------------------------------------------+
; Assembler Generated Files                                                                   ;
+---------------------------------------------------------------------------------------------+
; File Name                                                                                   ;
+---------------------------------------------------------------------------------------------+
; C:/Users/guill/OneDrive/Escritorio/DIXITAL_NMR_PulseSeq/FPGA-DDS/output_files/ddsAD9854.sof ;
+---------------------------------------------------------------------------------------------+


+-----------------------------------------------------------------------------------------------------------------------+
; Assembler Device Options: C:/Users/guill/OneDrive/Escritorio/DIXITAL_NMR_PulseSeq/FPGA-DDS/output_files/ddsAD9854.sof ;
+----------------+------------------------------------------------------------------------------------------------------+
; Option         ; Setting                                                                                              ;
+----------------+------------------------------------------------------------------------------------------------------+
; JTAG usercode  ; 0x00A88CE8                                                                                           ;
; Checksum       ; 0x00A88CE8                                                                                           ;
+----------------+------------------------------------------------------------------------------------------------------+


+--------------------+
; Assembler Messages ;
+--------------------+
Info: *******************************************************************
Info: Running Quartus Prime Assembler
    Info: Version 22.1std.1 Build 917 02/14/2023 SC Lite Edition
    Info: Processing started: Fri Sep  5 19:34:42 2025
Info: Command: quartus_asm --read_settings_files=off --write_settings_files=off ddsAD9854 -c ddsAD9854
Warning (125092): Tcl Script File ip_core/fir/fir_filter.sip not found
    Info (125063): set_global_assignment -name SIP_FILE ip_core/fir/fir_filter.sip
Warning (125092): Tcl Script File ip_core/fir_ip/fir_sinc.qip not found
    Info (125063): set_global_assignment -name QIP_FILE ip_core/fir_ip/fir_sinc.qip
Info (115030): Assembler is generating device programming files
Info (11878): Hard Processor Subsystem configuration has not changed and a Preloader software update is not required
Info: Quartus Prime Assembler was successful. 0 errors, 2 warnings
    Info: Peak virtual memory: 5062 megabytes
    Info: Processing ended: Fri Sep  5 19:34:49 2025
    Info: Elapsed time: 00:00:07
    Info: Total CPU time (on all processors): 00:00:05


