Info: Starting: Create block symbol file (.bsf)
Info: qsys-generate C:\Users\guill\OneDrive\Escritorio\DIXITAL_NMR_PulseSeq\FPGA-DDS\hps_dds_wrapper.qsys --block-symbol-file --output-directory=C:\Users\guill\OneDrive\Escritorio\DIXITAL_NMR_PulseSeq\FPGA-DDS\hps_dds_wrapper --family="Cyclone V" --part=5CSEMA4U23C6
Progress: Loading FPGA-DDS/hps_dds_wrapper.qsys
Progress: Reading input file
Progress: Adding clk_0 [clock_source 22.1]
Progress: Parameterizing module clk_0
Progress: Adding hps_0 [altera_hps 22.1]
Progress: Parameterizing module hps_0
Progress: Adding wrapper_address_0 [wrapper_address 1.0]
Progress: Parameterizing module wrapper_address_0
Progress: Adding wrapper_ctrl_0 [wrapper_ctrl 1.0]
Progress: Parameterizing module wrapper_ctrl_0
Progress: Adding wrapper_data_0 [wrapper_data 1.0]
Progress: Parameterizing module wrapper_data_0
Progress: Building connections
Progress: Parameterizing connections
Progress: Validating
Progress: Done reading input file
Info: hps_dds_wrapper.hps_0: HPS Main PLL counter settings: n = 0  m = 73
Info: hps_dds_wrapper.hps_0: HPS peripherial PLL counter settings: n = 0  m = 39
Warning: hps_dds_wrapper.hps_0: "Configuration/HPS-to-FPGA user 0 clock frequency" (desired_cfg_clk_mhz) requested 100.0 MHz, but only achieved 97.368421 MHz
Warning: hps_dds_wrapper.hps_0: 1 or more output clock frequencies cannot be achieved precisely, consider revising desired output clock frequencies.
Info: qsys-generate succeeded.
Info: Finished: Create block symbol file (.bsf)
Info: 
Info: Starting: Create HDL design files for synthesis
Info: qsys-generate C:\Users\guill\OneDrive\Escritorio\DIXITAL_NMR_PulseSeq\FPGA-DDS\hps_dds_wrapper.qsys --synthesis=VHDL --output-directory=C:\Users\guill\OneDrive\Escritorio\DIXITAL_NMR_PulseSeq\FPGA-DDS\hps_dds_wrapper\synthesis --family="Cyclone V" --part=5CSEMA4U23C6
Progress: Loading FPGA-DDS/hps_dds_wrapper.qsys
Progress: Reading input file
Progress: Adding clk_0 [clock_source 22.1]
Progress: Parameterizing module clk_0
Progress: Adding hps_0 [altera_hps 22.1]
Progress: Parameterizing module hps_0
Progress: Adding wrapper_address_0 [wrapper_address 1.0]
Progress: Parameterizing module wrapper_address_0
Progress: Adding wrapper_ctrl_0 [wrapper_ctrl 1.0]
Progress: Parameterizing module wrapper_ctrl_0
Progress: Adding wrapper_data_0 [wrapper_data 1.0]
Progress: Parameterizing module wrapper_data_0
Progress: Building connections
Progress: Parameterizing connections
Progress: Validating
Progress: Done reading input file
Info: hps_dds_wrapper.hps_0: HPS Main PLL counter settings: n = 0  m = 73
Info: hps_dds_wrapper.hps_0: HPS peripherial PLL counter settings: n = 0  m = 39
Warning: hps_dds_wrapper.hps_0: "Configuration/HPS-to-FPGA user 0 clock frequency" (desired_cfg_clk_mhz) requested 100.0 MHz, but only achieved 97.368421 MHz
Warning: hps_dds_wrapper.hps_0: 1 or more output clock frequencies cannot be achieved precisely, consider revising desired output clock frequencies.
Info: hps_dds_wrapper: Generating hps_dds_wrapper "hps_dds_wrapper" for QUARTUS_SYNTH
Info: hps_0: "Running  for module: hps_0"
Info: hps_0: HPS Main PLL counter settings: n = 0  m = 73
Info: hps_0: HPS peripherial PLL counter settings: n = 0  m = 39
Warning: hps_0: "Configuration/HPS-to-FPGA user 0 clock frequency" (desired_cfg_clk_mhz) requested 100.0 MHz, but only achieved 97.368421 MHz
Warning: hps_0: 1 or more output clock frequencies cannot be achieved precisely, consider revising desired output clock frequencies.
Info: hps_0: "hps_dds_wrapper" instantiated altera_hps "hps_0"
Info: wrapper_address_0: "hps_dds_wrapper" instantiated wrapper_address "wrapper_address_0"
Info: wrapper_ctrl_0: "hps_dds_wrapper" instantiated wrapper_ctrl "wrapper_ctrl_0"
Info: wrapper_data_0: "hps_dds_wrapper" instantiated wrapper_data "wrapper_data_0"
Info: avalon_st_adapter: Inserting error_adapter: error_adapter_0
Info: avalon_st_adapter_001: Inserting error_adapter: error_adapter_0
Info: avalon_st_adapter_002: Inserting error_adapter: error_adapter_0
Info: mm_interconnect_0: "hps_dds_wrapper" instantiated altera_mm_interconnect "mm_interconnect_0"
Info: rst_controller: "hps_dds_wrapper" instantiated altera_reset_controller "rst_controller"
Info: fpga_interfaces: "hps_0" instantiated altera_interface_generator "fpga_interfaces"
Info: hps_io: "hps_0" instantiated altera_hps_io "hps_io"
Info: wrapper_ctrl_0_s0_translator: "mm_interconnect_0" instantiated altera_merlin_slave_translator "wrapper_ctrl_0_s0_translator"
Info: hps_0_h2f_lw_axi_master_agent: "mm_interconnect_0" instantiated altera_merlin_axi_master_ni "hps_0_h2f_lw_axi_master_agent"
Info: wrapper_ctrl_0_s0_agent: "mm_interconnect_0" instantiated altera_merlin_slave_agent "wrapper_ctrl_0_s0_agent"
Info: wrapper_ctrl_0_s0_agent_rsp_fifo: "mm_interconnect_0" instantiated altera_avalon_sc_fifo "wrapper_ctrl_0_s0_agent_rsp_fifo"
Info: router: "mm_interconnect_0" instantiated altera_merlin_router "router"
Info: router_002: "mm_interconnect_0" instantiated altera_merlin_router "router_002"
Info: router_003: "mm_interconnect_0" instantiated altera_merlin_router "router_003"
Info: hps_0_h2f_lw_axi_master_wr_limiter: "mm_interconnect_0" instantiated altera_merlin_traffic_limiter "hps_0_h2f_lw_axi_master_wr_limiter"
Info: Reusing file C:/Users/guill/OneDrive/Escritorio/DIXITAL_NMR_PulseSeq/FPGA-DDS/hps_dds_wrapper/synthesis/submodules/altera_avalon_sc_fifo.v
Info: wrapper_ctrl_0_s0_burst_adapter: "mm_interconnect_0" instantiated altera_merlin_burst_adapter "wrapper_ctrl_0_s0_burst_adapter"
Info: Reusing file C:/Users/guill/OneDrive/Escritorio/DIXITAL_NMR_PulseSeq/FPGA-DDS/hps_dds_wrapper/synthesis/submodules/altera_merlin_address_alignment.sv
Info: Reusing file C:/Users/guill/OneDrive/Escritorio/DIXITAL_NMR_PulseSeq/FPGA-DDS/hps_dds_wrapper/synthesis/submodules/altera_avalon_st_pipeline_base.v
Info: cmd_demux: "mm_interconnect_0" instantiated altera_merlin_demultiplexer "cmd_demux"
Info: cmd_mux: "mm_interconnect_0" instantiated altera_merlin_multiplexer "cmd_mux"
Info: rsp_demux: "mm_interconnect_0" instantiated altera_merlin_demultiplexer "rsp_demux"
Info: rsp_mux: "mm_interconnect_0" instantiated altera_merlin_multiplexer "rsp_mux"
Info: Reusing file C:/Users/guill/OneDrive/Escritorio/DIXITAL_NMR_PulseSeq/FPGA-DDS/hps_dds_wrapper/synthesis/submodules/altera_merlin_arbitrator.sv
Info: wrapper_ctrl_0_s0_rsp_width_adapter: "mm_interconnect_0" instantiated altera_merlin_width_adapter "wrapper_ctrl_0_s0_rsp_width_adapter"
Info: Reusing file C:/Users/guill/OneDrive/Escritorio/DIXITAL_NMR_PulseSeq/FPGA-DDS/hps_dds_wrapper/synthesis/submodules/altera_merlin_address_alignment.sv
Info: Reusing file C:/Users/guill/OneDrive/Escritorio/DIXITAL_NMR_PulseSeq/FPGA-DDS/hps_dds_wrapper/synthesis/submodules/altera_merlin_burst_uncompressor.sv
Info: avalon_st_adapter: "mm_interconnect_0" instantiated altera_avalon_st_adapter "avalon_st_adapter"
Info: avalon_st_adapter_001: "mm_interconnect_0" instantiated altera_avalon_st_adapter "avalon_st_adapter_001"
Info: border: "hps_io" instantiated altera_interface_generator "border"
Info: error_adapter_0: "avalon_st_adapter" instantiated error_adapter "error_adapter_0"
Info: error_adapter_0: "avalon_st_adapter_001" instantiated error_adapter "error_adapter_0"
Info: hps_dds_wrapper: Done "hps_dds_wrapper" with 28 modules, 85 files
Info: qsys-generate succeeded.
Info: Finished: Create HDL design files for synthesis
